=== Login attempt: 2025-03-22 05:10:53 ===
POST data: Array
(
    [email] => tomshibu49@gmail.com
    [password] => Appu2020@
)

ERROR: Email and password are required
=== Login attempt: 2025-03-22 05:10:53 ===
POST data: Array
(
    [email] => tomshibu49@gmail.com
    [password] => Appu2020@
)

ERROR: Email and password are required
=== Login attempt: 2025-03-22 05:11:03 ===
POST data: Array
(
    [email] => tomshibu49@gmail.com
    [password] => Appu2020@
)

ERROR: Email and password are required
=== Login attempt: 2025-03-22 05:11:03 ===
POST data: Array
(
    [email] => tomshibu49@gmail.com
    [password] => Appu2020@
)

ERROR: Email and password are required
=== Login attempt: 2025-03-22 05:11:10 ===
POST data: Array
(
    [email] => tomshibu2027@mca.ajce.in
    [password] => Appu2020@
)

ERROR: Email and password are required
=== Login attempt: 2025-03-22 05:11:10 ===
POST data: Array
(
    [email] => tomshibu2027@mca.ajce.in
    [password] => Appu2020@
)

ERROR: Email and password are required
=== Login attempt: 2025-03-22 05:11:35 ===
POST data: Array
(
    [email] => tomshibu2027@mca.ajce.in
    [password] => Appu2020@
)

ERROR: Email and password are required
=== Login attempt: 2025-03-22 05:11:35 ===
POST data: Array
(
    [email] => tomshibu2027@mca.ajce.in
    [password] => Appu2020@
)

ERROR: Email and password are required
